<?xml version="1.0" encoding="UTF-8"?>
<!-- Generated by org.testng.reporters.JUnitXMLReporter -->
<testsuite ignored="0" hostname="DESKTOP-D1M9H04" failures="0" tests="3" name="Test" time="22.011" errors="0" timestamp="2023-12-30T22:55:38 IST">
  <testcase classname="parallelExecution.ParallelExecution$SuiteExecution" name="OpenBing" time="16.747"/>
  <testcase classname="parallelExecution.ParallelExecution$SuiteExecution" name="OpenGoogle" time="19.303"/>
  <testcase classname="parallelExecution.ParallelExecution$SuiteExecution" name="Openyahoo" time="21.97"/>
</testsuite> <!-- Test -->
