<?xml version="1.0" encoding="UTF-8"?>
<testng-results ignored="0" total="1" passed="1" failed="0" skipped="0">
  <reporter-output>
  </reporter-output>
  <suite started-at="2023-12-30T23:12:48 IST" name="Default suite" finished-at="2023-12-30T23:12:55 IST" duration-ms="7841">
    <groups>
    </groups>
    <test started-at="2023-12-30T23:12:48 IST" name="Default test" finished-at="2023-12-30T23:12:55 IST" duration-ms="7841">
      <class name="assertions.SoftAssertions">
        <test-method signature="softAssertion()[pri:0, instance:assertions.SoftAssertions@2a4fb17b]" started-at="2023-12-30T23:12:48 IST" name="softAssertion" finished-at="2023-12-30T23:12:55 IST" duration-ms="7806" status="PASS">
          <reporter-output>
          </reporter-output>
        </test-method> <!-- softAssertion -->
      </class> <!-- assertions.SoftAssertions -->
    </test> <!-- Default test -->
  </suite> <!-- Default suite -->
</testng-results>
